0001_0008_0036_0036_0036.jpg 1 8 36 36 36
0002_0007_0037_0048_0048.jpg 1 7 37 48 48
0005_0005_0029_0060_0060.jpg 1 5 29 60 60
0006_0046_0038_0026_0026.jpg 1 46 38 26 26
0008_0006_0016_0060_0060.jpg 1 6 16 60 60
0009_0055_0012_0026_0026.jpg 1 55 12 26 26
0010_0032_0006_0062_0062.jpg 1 32 6 62 62
0014_0035_0024_0035_0035.jpg 1 35 24 35 35
0016_0041_0042_0036_0036.jpg 1 41 42 36 36
0017_0043_0035_0051_0051.jpg 1 43 35 51 51
0018_0036_0060_0024_0024.jpg 1 36 60 24 24
0020_0030_0021_0045_0045.jpg 1 30 21 45 45
0021_0037_0020_0051_0051.jpg 1 37 20 51 51
0022_0016_0022_0069_0069.jpg 1 16 22 69 69
0023_0010_0016_0068_0068.jpg 1 10 16 68 68
0026_0025_0042_0047_0047.jpg 1 25 42 47 47
0027_0049_0040_0043_0043.jpg 1 49 40 43 43
0028_0008_0015_0042_0042.jpg 1 8 15 42 42
0030_0003_0014_0069_0069.jpg 1 3 14 69 69
0031_0037_0015_0051_0051.jpg 1 37 15 51 51
0032_0035_0017_0040_0040.jpg 1 35 17 40 40
0033_0037_0027_0055_0055.jpg 1 37 27 55 55
0034_0025_0012_0055_0055.jpg 1 25 12 55 55
0035_0030_0012_0034_0034.jpg 1 30 12 34 34
0036_0027_0024_0063_0063.jpg 1 27 24 63 63
0038_0012_0022_0039_0039.jpg 1 12 22 39 39
0040_0011_0011_0047_0047.jpg 1 11 11 47 47
0042_0016_0022_0054_0054.jpg 1 16 22 54 54
0043_0026_0022_0066_0066.jpg 1 26 22 66 66
0044_0012_0030_0060_0060.jpg 1 12 30 60 60
0045_0034_0009_0055_0055.jpg 1 34 9 55 55
0046_0036_0004_0055_0055.jpg 1 36 4 55 55
0047_0012_0039_0048_0048.jpg 1 12 39 48 48
0048_0006_0027_0048_0048.jpg 1 6 27 48 48
0049_0012_0037_0051_0051.jpg 1 12 37 51 51
0050_0013_0041_0029_0029.jpg 1 13 41 29 29
0051_0013_0024_0068_0068.jpg 1 13 24 68 68
0053_0046_0014_0035_0035.jpg 1 46 14 35 35
0054_0005_0030_0066_0066.jpg 1 5 30 66 66
0056_0036_0016_0031_0031.jpg 1 36 16 31 31
0057_0017_0015_0057_0057.jpg 1 17 15 57 57
0059_0014_0033_0045_0045.jpg 1 14 33 45 45
0060_0021_0025_0046_0046.jpg 1 21 25 46 46
0063_0014_0037_0056_0056.jpg 1 14 37 56 56
0064_0020_0036_0044_0044.jpg 1 20 36 44 44
0065_0012_0027_0050_0050.jpg 1 12 27 50 50
0066_0038_0014_0036_0036.jpg 1 38 14 36 36
0068_0016_0047_0041_0041.jpg 1 16 47 41 41
0070_0042_0031_0044_0044.jpg 1 42 31 44 44
0071_0051_0009_0039_0039.jpg 1 51 9 39 39
0072_0041_0025_0051_0051.jpg 1 41 25 51 51
0073_0040_0026_0046_0046.jpg 1 40 26 46 46
0074_0034_0018_0033_0033.jpg 1 34 18 33 33
0075_0052_0017_0025_0025.jpg 1 52 17 25 25
0076_0013_0024_0057_0057.jpg 1 13 24 57 57
0077_0057_0022_0035_0035.jpg 1 57 22 35 35
0078_0009_0004_0062_0062.jpg 1 9 4 62 62
0080_0056_0050_0037_0037.jpg 1 56 50 37 37
0082_0053_0010_0037_0037.jpg 1 53 10 37 37
0083_0019_0008_0068_0068.jpg 1 19 8 68 68
0084_0029_0024_0064_0064.jpg 1 29 24 64 64
0088_0038_0052_0024_0024.jpg 1 38 52 24 24
0090_0033_0036_0040_0040.jpg 1 33 36 40 40
0091_0019_0004_0055_0055.jpg 1 19 4 55 55
0092_0018_0006_0049_0049.jpg 1 18 6 49 49
0095_0013_0034_0039_0039.jpg 1 13 34 39 39
0096_0009_0029_0026_0026.jpg 1 9 29 26 26
0097_0028_0011_0050_0050.jpg 1 28 11 50 50
0098_0021_0023_0065_0065.jpg 1 21 23 65 65
0100_0027_0027_0037_0037.jpg 1 27 27 37 37
